<?xml version="1.0" encoding="UTF-8"?>
<!-- Generated by org.testng.reporters.JUnitReportReporter -->
<testsuite hostname="DESKTOP-3E9HTGA" failures="0" tests="1" name="Scripts.CreateUser" time="38.643" errors="0" timestamp="2021-11-30T12:54:30 IST" skipped="0">
  <testcase classname="Scripts.CreateUser" name="ValidateUserCreation" time="38.643"/>
  <system-out/>
</testsuite> <!-- Scripts.CreateUser -->
