<?xml version="1.0" encoding="UTF-8"?>
<!-- Generated by org.testng.reporters.JUnitReportReporter -->
<testsuite hostname="DESKTOP-3E9HTGA" failures="0" tests="1" name="Scripts.ValidateEstimatedTimeOfDeparture" time="38.371" errors="0" timestamp="2021-12-02T17:11:12 IST" skipped="0">
  <testcase classname="Scripts.ValidateEstimatedTimeOfDeparture" name="ValidateEstimatedDeparture" time="38.371"/>
  <system-out>
    <![CDATA[Added Pickup location
Added Drop Off location
02122021171055
Load Created Successfully]]>
  </system-out>
</testsuite> <!-- Scripts.ValidateEstimatedTimeOfDeparture -->
