<?xml version="1.0" encoding="UTF-8"?>
<!-- Generated by org.testng.reporters.JUnitReportReporter -->
<testsuite hostname="DESKTOP-3E9HTGA" failures="0" tests="1" name="Scripts.ValidateStatusEvents" time="41.404" errors="0" timestamp="2021-12-01T15:11:07 IST" skipped="0">
  <testcase classname="Scripts.ValidateStatusEvents" name="ValidateAppointment" time="41.404"/>
  <system-out>
    <![CDATA[Added Pickup location
Added Drop Off location
01122021151048
Load Created Successfully]]>
  </system-out>
</testsuite> <!-- Scripts.ValidateStatusEvents -->
