<?xml version="1.0" encoding="UTF-8"?>
<!-- Generated by org.testng.reporters.JUnitReportReporter -->
<testsuite hostname="DESKTOP-3E9HTGA" failures="0" tests="1" name="Scripts.TC_01" time="7.513" errors="0" timestamp="2021-11-29T18:30:26 IST" skipped="0">
  <testcase classname="Scripts.TC_01" name="login" time="7.513"/>
  <system-out/>
</testsuite> <!-- Scripts.TC_01 -->
