<?xml version="1.0" encoding="UTF-8"?>
<!-- Generated by org.testng.reporters.JUnitReportReporter -->
<testsuite hostname="DESKTOP-3E9HTGA" failures="0" tests="1" name="Scripts.ValidateArrivedStatusEvent" time="49.026" errors="0" timestamp="2021-12-02T15:23:56 IST" skipped="0">
  <testcase classname="Scripts.ValidateArrivedStatusEvent" name="ValidateArrivedStatus" time="49.026"/>
  <system-out>
    <![CDATA[Added Pickup location
Added Drop Off location
02122021152333
Load Created Successfully]]>
  </system-out>
</testsuite> <!-- Scripts.ValidateArrivedStatusEvent -->
