<?xml version="1.0" encoding="UTF-8"?>
<!-- Generated by org.testng.reporters.JUnitReportReporter -->
<testsuite hostname="DESKTOP-3E9HTGA" failures="0" tests="1" name="Scripts.ValidateArrivedStatusEvent" time="39.624" errors="0" timestamp="2021-12-02T19:43:54 IST" skipped="0">
  <testcase classname="Scripts.ValidateArrivedStatusEvent" name="ValidateArrivedStatus" time="39.624"/>
  <system-out>
    <![CDATA[Added Pickup location
Added Drop Off location
02122021194336
Load Created Successfully]]>
  </system-out>
</testsuite> <!-- Scripts.ValidateArrivedStatusEvent -->
