<?xml version="1.0" encoding="UTF-8"?>
<!-- Generated by org.testng.reporters.JUnitReportReporter -->
<testsuite hostname="DESKTOP-3E9HTGA" failures="0" tests="1" name="Scripts.ValidateStatusDeparture" time="39.757" errors="0" timestamp="2021-12-01T17:52:33 IST" skipped="0">
  <testcase classname="Scripts.ValidateStatusDeparture" name="ValidateDepartureStatus" time="39.757"/>
  <system-out>
    <![CDATA[Added Pickup location
Added Drop Off location
01122021175216
Load Created Successfully]]>
  </system-out>
</testsuite> <!-- Scripts.ValidateStatusDeparture -->
